\BOOKMARK [1][-]{section.1}{\376\377\000A\000c\000k\000n\000o\000w\000l\000e\000d\000g\000e\000m\000e\000n\000t\000s}{}% 1
\BOOKMARK [1][-]{section.2}{\376\377\000A\000b\000s\000t\000r\000a\000c\000t}{}% 2
\BOOKMARK [1][-]{section.3}{\376\377\000I\000n\000t\000r\000o\000d\000u\000c\000t\000i\000o\000n}{}% 3
\BOOKMARK [2][-]{subsection.3.1}{\376\377\000B\000a\000c\000k\000g\000r\000o\000u\000n\000d}{section.3}% 4
\BOOKMARK [3][-]{subsubsection.3.1.1}{\376\377\000C\000a\000s\000e\000\040\000S\000t\000u\000d\000y\000\040\000A\000r\000e\000a}{subsection.3.1}% 5
\BOOKMARK [2][-]{subsection.3.2}{\376\377\000R\000e\000s\000e\000a\000r\000c\000h\000\040\000Q\000u\000e\000s\000t\000i\000o\000n}{section.3}% 6
\BOOKMARK [3][-]{subsubsection.3.2.1}{\376\377\000R\000e\000s\000e\000a\000r\000c\000h\000\040\000O\000b\000j\000e\000c\000t\000i\000v\000e\000s}{subsection.3.2}% 7
\BOOKMARK [2][-]{subsection.3.3}{\376\377\000T\000h\000e\000s\000i\000s\000\040\000O\000u\000t\000l\000i\000n\000e}{section.3}% 8
\BOOKMARK [1][-]{section.4}{\376\377\000L\000i\000t\000e\000r\000a\000t\000u\000r\000e\000\040\000R\000e\000v\000i\000e\000w}{}% 9
\BOOKMARK [2][-]{subsection.4.1}{\376\377\000F\000l\000o\000o\000d\000\040\000R\000i\000s\000k}{section.4}% 10
\BOOKMARK [3][-]{subsubsection.4.1.1}{\376\377\000D\000e\000f\000i\000n\000i\000n\000g\000\040\000F\000l\000o\000o\000d\000i\000n\000g}{subsection.4.1}% 11
\BOOKMARK [3][-]{subsubsection.4.1.2}{\376\377\000S\000o\000u\000r\000c\000e\000s\000\040\000o\000f\000\040\000F\000l\000o\000o\000d\000i\000n\000g}{subsection.4.1}% 12
\BOOKMARK [3][-]{subsubsection.4.1.3}{\376\377\000T\000h\000e\000\040\000C\000h\000a\000n\000g\000i\000n\000g\000\040\000N\000a\000t\000u\000r\000e\000\040\000o\000f\000\040\000F\000l\000o\000o\000d\000\040\000R\000i\000s\000k\000\040\000D\000r\000i\000v\000e\000r\000s}{subsection.4.1}% 13
\BOOKMARK [3][-]{subsubsection.4.1.4}{\376\377\000M\000o\000d\000e\000l\000l\000i\000n\000g\000\040\000F\000l\000o\000o\000d\000s}{subsection.4.1}% 14
\BOOKMARK [2][-]{subsection.4.2}{\376\377\000B\000u\000i\000l\000d\000i\000n\000g\000\040\000R\000e\000s\000i\000l\000i\000e\000n\000c\000e\000\040\000t\000o\000\040\000F\000l\000o\000o\000d\000s}{section.4}% 15
\BOOKMARK [3][-]{subsubsection.4.2.1}{\376\377\000D\000e\000f\000i\000n\000i\000n\000g\000\040\000R\000e\000s\000i\000l\000i\000e\000n\000c\000e}{subsection.4.2}% 16
\BOOKMARK [3][-]{subsubsection.4.2.2}{\376\377\000S\000t\000r\000u\000c\000t\000u\000r\000a\000l\000\040\000I\000n\000t\000e\000r\000v\000e\000n\000t\000i\000o\000n\000s}{subsection.4.2}% 17
\BOOKMARK [3][-]{subsubsection.4.2.3}{\376\377\000N\000o\000n\000-\000S\000t\000r\000u\000c\000t\000u\000r\000a\000l\000\040\000I\000n\000t\000e\000r\000v\000e\000n\000t\000i\000o\000n\000s}{subsection.4.2}% 18
\BOOKMARK [2][-]{subsection.4.3}{\376\377\000N\000a\000t\000u\000r\000e\000-\000b\000a\000s\000e\000d\000\040\000S\000o\000l\000u\000t\000i\000o\000n\000s\000\040\000f\000o\000r\000\040\000U\000r\000b\000a\000n\000\040\000F\000l\000o\000o\000d\000\040\000R\000e\000s\000i\000l\000i\000e\000n\000c\000e}{section.4}% 19
\BOOKMARK [3][-]{subsubsection.4.3.1}{\376\377\000D\000e\000f\000i\000n\000i\000n\000g\000\040\000N\000a\000t\000u\000r\000e\000-\000b\000a\000s\000e\000d\000\040\000S\000o\000l\000u\000t\000i\000o\000n\000s}{subsection.4.3}% 20
\BOOKMARK [3][-]{subsubsection.4.3.2}{\376\377\000A\000c\000h\000i\000e\000v\000i\000n\000g\000\040\000U\000r\000b\000a\000n\000\040\000F\000l\000o\000o\000d\000\040\000R\000e\000s\000i\000l\000i\000e\000n\000c\000e\000\040\000w\000i\000t\000h\000\040\000N\000B\000S}{subsection.4.3}% 21
\BOOKMARK [3][-]{subsubsection.4.3.3}{\376\377\000N\000B\000S\000\040\000D\000e\000s\000i\000g\000n\000\040\000T\000y\000p\000o\000l\000o\000g\000i\000e\000s}{subsection.4.3}% 22
\BOOKMARK [3][-]{subsubsection.4.3.4}{\376\377\000C\000o\000-\000B\000e\000n\000e\000f\000i\000t\000s\000\040\000o\000f\000\040\000N\000B\000S}{subsection.4.3}% 23
\BOOKMARK [3][-]{subsubsection.4.3.5}{\376\377\000F\000a\000c\000i\000l\000i\000t\000a\000t\000i\000n\000g\000\040\000t\000h\000e\000\040\000U\000p\000t\000a\000k\000e\000\040\000o\000f\000\040\000N\000B\000S}{subsection.4.3}% 24
\BOOKMARK [2][-]{subsection.4.4}{\376\377\000P\000l\000a\000n\000n\000i\000n\000g\000\040\000U\000n\000d\000e\000r\000\040\000U\000n\000c\000e\000r\000t\000a\000i\000n\000t\000y}{section.4}% 25
\BOOKMARK [3][-]{subsubsection.4.4.1}{\376\377\000S\000o\000u\000r\000c\000e\000s\000\040\000o\000f\000\040\000U\000n\000c\000e\000r\000t\000a\000i\000n\000t\000y}{subsection.4.4}% 26
\BOOKMARK [3][-]{subsubsection.4.4.2}{\376\377\000D\000y\000n\000a\000m\000i\000c\000\040\000A\000d\000a\000p\000t\000i\000v\000e\000\040\000P\000a\000t\000h\000w\000a\000y\000s\000\040\000P\000l\000a\000n\000n\000i\000n\000g}{subsection.4.4}% 27
\BOOKMARK [3][-]{subsubsection.4.4.3}{\376\377\000D\000e\000c\000i\000s\000i\000o\000n\000\040\000T\000o\000o\000l\000s}{subsection.4.4}% 28
\BOOKMARK [1][-]{section.5}{\376\377\000M\000e\000t\000h\000o\000d\000o\000l\000o\000g\000y}{}% 29
\BOOKMARK [2][-]{subsection.5.1}{\376\377\000G\000I\000S\000-\000b\000a\000s\000e\000d\000\040\000R\000i\000s\000k\000\040\000A\000s\000s\000e\000s\000s\000m\000e\000n\000t}{section.5}% 30
\BOOKMARK [2][-]{subsection.5.2}{\376\377\000A\000d\000a\000p\000t\000a\000t\000i\000o\000n\000\040\000O\000p\000t\000i\000o\000n\000\040\000D\000e\000v\000e\000l\000o\000p\000m\000e\000n\000t}{section.5}% 31
\BOOKMARK [2][-]{subsection.5.3}{\376\377\000C\000o\000s\000t\000-\000B\000e\000n\000e\000f\000i\000t\000\040\000A\000n\000a\000l\000y\000s\000i\000s}{section.5}% 32
\BOOKMARK [1][-]{section.6}{\376\377\000R\000e\000s\000u\000l\000t\000s}{}% 33
\BOOKMARK [1][-]{section.7}{\376\377\000D\000i\000s\000c\000u\000s\000s\000i\000o\000n}{}% 34
\BOOKMARK [1][-]{section.8}{\376\377\000C\000o\000n\000c\000l\000u\000s\000i\000o\000n}{}% 35
